<?xml version="1.0" encoding="UTF-8"?>
<testng-results ignored="0" total="1" passed="1" failed="0" skipped="0">
  <reporter-output>
  </reporter-output>
  <suite started-at="2020-08-23T11:47:45 IST" name="Default suite" finished-at="2020-08-23T11:48:06 IST" duration-ms="21268">
    <groups>
    </groups>
    <test started-at="2020-08-23T11:47:45 IST" name="Default test" finished-at="2020-08-23T11:48:06 IST" duration-ms="21268">
      <class name="MobilePackage.AppLinkTest">
        <test-method signature="linktest()[pri:0, instance:MobilePackage.AppLinkTest@2f177a4b]" started-at="2020-08-23T11:47:45 IST" name="linktest" finished-at="2020-08-23T11:48:06 IST" duration-ms="21052" status="PASS">
          <reporter-output>
          </reporter-output>
        </test-method> <!-- linktest -->
      </class> <!-- MobilePackage.AppLinkTest -->
    </test> <!-- Default test -->
  </suite> <!-- Default suite -->
</testng-results>
